[17:56:20] [main/INFO]: Loading Minecraft 1.21.1 with Fabric Loader 0.16.14
[17:56:20] [ForkJoinPool-1-worker-2/WARN]: The mod "dungeons_arise" contains invalid entries in its mod json:
- Unsupported root entry "credits" at line 12 column 11
[17:56:21] [ForkJoinPool-1-worker-1/WARN]: The mod "tcdcommons" contains invalid entries in its mod json:
- Unsupported root entry "" at line 27 column 4
- Unsupported root entry "" at line 27 column 198
- Unsupported root entry "" at line 29 column 4
- Unsupported root entry "" at line 29 column 24
[17:56:21] [ForkJoinPool-1-worker-2/WARN]: The mod "betterstats" contains invalid entries in its mod json:
- Unsupported root entry "" at line 26 column 4
- Unsupported root entry "" at line 26 column 124
- Unsupported root entry "" at line 28 column 4
- Unsupported root entry "" at line 28 column 24
[17:56:21] [main/WARN]: Warnings were found!
 - Mod 'Minekea' (minekea) 7.1.0 recommends version 1.21-87 or later of patchouli, which is missing!
	 - You should install version 1.21-87 or later of patchouli for the optimal experience.
[17:56:21] [main/INFO]: Loading 172 mods:
	- adorn 6.0.3+1.21.1
	- alternate-current 1.9.0
	- architectury 13.0.8
	- betteradvancements 0.4.3.21
	- betterstats 3.13.4+fabric-1.21
	- cardinal-components 6.1.2
	   |-- cardinal-components-base 6.1.2
	   |-- cardinal-components-block 6.1.2
	   |-- cardinal-components-chunk 6.1.2
	   |-- cardinal-components-entity 6.1.2
	   |-- cardinal-components-item 6.1.2
	   |-- cardinal-components-level 6.1.2
	   |-- cardinal-components-scoreboard 6.1.2
	   \-- cardinal-components-world 6.1.2
	- chargedmobs 2.1.0
	- chimericlib 2.2.0
	- cicada 0.10.2+1.21-1.21.1
	- cloth-config 15.0.140
	   \-- cloth-basic-math 0.6.1
	- clumps 19.0.0.1
	- collective 7.87
	- cristellib 1.2.6
	   \-- blue_endless_jankson 1.2.3
	- cropsloverain 2.1.1
	   \-- midnightlib 1.5.7
	- customizableelytra 2.2.7+1.21
	- dramaticdoors 1.21.1-3.3.2
	- dungeons_arise 2.1.64
	- dungeons_arise_seven_seas 1.0.3
	- entityculling 1.7.0
	- fabric-api 0.116.1+1.21.1
	   |-- fabric-api-base 0.4.42+6573ed8c19
	   |-- fabric-api-lookup-api-v1 1.6.71+b559734419
	   |-- fabric-biome-api-v1 13.0.31+d527f9fd19
	   |-- fabric-block-api-v1 1.1.0+0bc3503219
	   |-- fabric-block-view-api-v2 1.0.11+ebb2264e19
	   |-- fabric-blockrenderlayer-v1 1.1.52+0af3f5a719
	   |-- fabric-client-tags-api-v1 1.1.15+6573ed8c19
	   |-- fabric-command-api-v1 1.2.49+f71b366f19
	   |-- fabric-command-api-v2 2.2.28+6ced4dd919
	   |-- fabric-commands-v0 0.2.66+df3654b319
	   |-- fabric-content-registries-v0 8.0.19+b559734419
	   |-- fabric-convention-tags-v1 2.1.5+7f945d5b19
	   |-- fabric-convention-tags-v2 2.11.1+a406e79519
	   |-- fabric-crash-report-info-v1 0.2.29+0af3f5a719
	   |-- fabric-data-attachment-api-v1 1.4.5+6116a37819
	   |-- fabric-data-generation-api-v1 20.2.29+16c4ae2519
	   |-- fabric-dimensions-v1 4.0.0+6fc22b9919
	   |-- fabric-entity-events-v1 1.8.0+2b27e0a419
	   |-- fabric-events-interaction-v0 0.7.13+ba9dae0619
	   |-- fabric-game-rule-api-v1 1.0.53+6ced4dd919
	   |-- fabric-item-api-v1 11.1.1+d5debaed19
	   |-- fabric-item-group-api-v1 4.1.7+def88e3a19
	   |-- fabric-key-binding-api-v1 1.0.47+0af3f5a719
	   |-- fabric-keybindings-v0 0.2.45+df3654b319
	   |-- fabric-lifecycle-events-v1 2.6.0+0865547519
	   |-- fabric-loot-api-v2 3.0.15+3f89f5a519
	   |-- fabric-loot-api-v3 1.0.3+3f89f5a519
	   |-- fabric-message-api-v1 6.0.14+8aaf3aca19
	   |-- fabric-model-loading-api-v1 2.0.0+fe474d6b19
	   |-- fabric-networking-api-v1 4.3.0+c7469b2119
	   |-- fabric-object-builder-api-v1 15.2.1+40875a9319
	   |-- fabric-particles-v1 4.0.2+6573ed8c19
	   |-- fabric-recipe-api-v1 5.0.14+248df81c19
	   |-- fabric-registry-sync-v0 5.2.0+34f5d91419
	   |-- fabric-renderer-api-v1 3.4.0+c705a49c19
	   |-- fabric-renderer-indigo 1.7.0+c705a49c19
	   |-- fabric-renderer-registries-v1 3.2.68+df3654b319
	   |-- fabric-rendering-data-attachment-v1 0.3.49+73761d2e19
	   |-- fabric-rendering-fluids-v1 3.1.6+1daea21519
	   |-- fabric-rendering-v0 1.1.71+df3654b319
	   |-- fabric-rendering-v1 5.0.5+df16efd019
	   |-- fabric-resource-conditions-api-v1 4.3.0+8dc279b119
	   |-- fabric-resource-loader-v0 1.3.1+5b5275af19
	   |-- fabric-screen-api-v1 2.0.25+8b68f1c719
	   |-- fabric-screen-handler-api-v1 1.3.88+b559734419
	   |-- fabric-sound-api-v1 1.0.23+6573ed8c19
	   |-- fabric-transfer-api-v1 5.4.3+c24bd99419
	   \-- fabric-transitive-access-wideners-v1 6.2.0+45b9699719
	- fabric-language-kotlin 1.13.3+kotlin.2.1.21
	   |-- org_jetbrains_kotlin_kotlin-reflect 2.1.21
	   |-- org_jetbrains_kotlin_kotlin-stdlib 2.1.21
	   |-- org_jetbrains_kotlin_kotlin-stdlib-jdk7 2.1.21
	   |-- org_jetbrains_kotlin_kotlin-stdlib-jdk8 2.1.21
	   |-- org_jetbrains_kotlinx_atomicfu-jvm 0.27.0
	   |-- org_jetbrains_kotlinx_kotlinx-coroutines-core-jvm 1.10.2
	   |-- org_jetbrains_kotlinx_kotlinx-coroutines-jdk8 1.10.2
	   |-- org_jetbrains_kotlinx_kotlinx-datetime-jvm 0.6.2
	   |-- org_jetbrains_kotlinx_kotlinx-io-bytestring-jvm 0.7.0
	   |-- org_jetbrains_kotlinx_kotlinx-io-core-jvm 0.7.0
	   |-- org_jetbrains_kotlinx_kotlinx-serialization-cbor-jvm 1.8.1
	   |-- org_jetbrains_kotlinx_kotlinx-serialization-core-jvm 1.8.1
	   \-- org_jetbrains_kotlinx_kotlinx-serialization-json-jvm 1.8.1
	- fabricloader 0.16.14
	   \-- mixinextras 0.4.1
	- farmersdelight 1.21.1-3.0.5+refabricated
	   \-- mm 2.3
	- ferritecore 7.0.0
	- fishingrodfix 1.21-0.3
	- fzzy_config 0.7.0+1.21
	   |-- blue_endless_jankson 1.2.3
	   |-- fabric-permissions-api-v0 0.3.1
	   \-- net_peanuuutz_tomlkt_tomlkt-jvm 0.3.7
	- glowing-torchflower 1.3.0
	   |-- com_typesafe_config 1.4.3
	   |-- io_leangen_geantyref_geantyref 1.3.13
	   |-- org_apache_commons_commons-text 1.10.0
	   |-- org_spongepowered_configurate-core 4.1.2
	   \-- org_spongepowered_configurate-hocon 4.1.2
	- handcrafted 4.0.3
	- hearths 1.0.3
	- hopobetterruinedportal 1.4.4
	- iceberg 1.2.7
	- jade 15.10.1+fabric
	- jamlib 1.2.2-build.2+1.21.1
	   \-- blue_endless_jankson 1.2.3
	- java 21
	- jei 19.21.2.313
	- journeymap 1.21.1-6.0.0-beta.47
	   |-- ar_com_hjg_pngj 2.1.0
	   |-- commonnetworking 1.0.18-1.21.1
	   \-- journeymap-api-fabric 2.0.0-1.21.1-SNAPSHOT
	- lithium 0.15.0+mc1.21.1
	- mcwbridges 3.1.0
	- mcwdoors 1.1.2
	- mcwfences 1.2.0
	- mcwfurnitures 3.3.0
	- mcwlights 1.1.2
	- mcwtrpdoors 1.1.4
	- mcwwindows 2.3.2
	- medieval_buildings 1.1.0
	- minecraft 1.21.1
	- minekea 7.1.0
	- modernfix 5.19.3+mc1.21.1
	- monolib 1.4.1
	- mr_dungeons_andtaverns 1-v4.4.4
	- mru 1.0.7+1.21+fabric
	- nemos-carpentry 2.5.3-1.21.1
	- nemos-mossy-blocks 1.6-1.21.1
	- nicemod 1.4.3
	- no-resource-pack-warnings 1.3.0
	- nochatreports 1.21.1-v2.9.1
	- noisium 2.3.0+mc1.21-1.21.1
	- notenoughanimations 1.9.0
	- octolib 0.5.0.1
	   \-- org_yaml_snakeyaml 2.2
	- onlyexcavators 1.21.1-0.7
	- owo 0.12.15+1.21
	   |-- io_wispforest_endec 0.1.5
	   |-- io_wispforest_endec_gson 0.1.3
	   |-- io_wispforest_endec_jankson 0.1.3
	   \-- io_wispforest_endec_netty 0.1.2
	- placeholder-api 2.4.1+1.21
	- puzzleslib 21.1.36
	- resourcefullib 3.0.12
	   |-- com_teamresourceful_bytecodecs 1.1.2
	   \-- com_teamresourceful_yabn 1.0.3
	- rightclickharvest 4.4.4+1.21.1
	- scuro_furniture 1.0.0
	- skinlayers3d 1.7.4
	- skinrestorer 2.3.3+1.21-fabric
	   \-- org_mineskin_java-client 3.0.1-SNAPSHOT
	- sodiumleafculling 1.0.0
	- structory 1.3.10
	- structory_towers 1.0.11
	- subtle_effects 1.7.0
	- t_and_t 1.13.2
	- tcdcommons 3.12.5+fabric-1.21
	- teamaddoners 2.0.0
	- toggleableitemframes 5.1.0-1.21.1
	- travelersbackpack 10.1.22
	- txnilib 1.0.24
	   \-- forgeconfigapiport 21.1.0
	        |-- com_electronwill_night-config_core 3.8.0
	        \-- com_electronwill_night-config_toml 3.8.0
	- voicechat 1.21.1-2.5.30
	   \-- fabric-key-binding-api-v1 1.0.47+0af3f5a76a
	- wwoo 2.3.4
	- yet_another_config_lib_v3 3.6.6+1.21.1-fabric
	   |-- com_twelvemonkeys_common_common-image 3.12.0
	   |-- com_twelvemonkeys_common_common-io 3.12.0
	   |-- com_twelvemonkeys_common_common-lang 3.12.0
	   |-- com_twelvemonkeys_imageio_imageio-core 3.12.0
	   |-- com_twelvemonkeys_imageio_imageio-metadata 3.12.0
	   |-- com_twelvemonkeys_imageio_imageio-webp 3.12.0
	   |-- org_quiltmc_parsers_gson 0.2.1
	   \-- org_quiltmc_parsers_json 0.2.1
[17:56:21] [main/WARN]: Found 4 non-fabric mods:
	- evenbetternether-1.3.0-neoforge-1.21.1.jar
	- minecolonies-1.1.984-1.21.1-snapshot.jar
	- ForgeConfigAPIPort-v21.1.3-1.21.1-Forge.jar
	- herios_floral_expansion-1.1.2-neoforge-1.21.1.jar
[17:56:22] [main/INFO]: SpongePowered MIXIN Subsystem Version=0.8.7 Source=file:/workspaces/UWU/servidor_minecraft/libraries/net/fabricmc/sponge-mixin/0.15.5+mixin.0.8.7/sponge-mixin-0.15.5+mixin.0.8.7.jar Service=Knot/Fabric Env=SERVER
[17:56:22] [main/INFO]: Compatibility level set to JAVA_16
[17:56:22] [main/INFO]: Compatibility level set to JAVA_21
[17:56:22] [main/WARN]: Reference map 'forgeconfigapiport.common.refmap.json' for forgeconfigapiport.common.mixins.json could not be read. If this is a development environment you can ignore this message
[17:56:22] [main/WARN]: Reference map 'journeymap-refmap.json' for journeymap.mixins.json could not be read. If this is a development environment you can ignore this message
[17:56:22] [main/WARN]: Reference map 'journeymap-refmap.json' for journeymap.fabric.mixins.json could not be read. If this is a development environment you can ignore this message
[17:56:22] [main/WARN]: Mod 'ferritecore' attempted to override option 'mixin.alloc.blockstate', which doesn't exist, ignoring
[17:56:22] [main/INFO]: Option 'mixin.entity.collisions.fluid' requires 'mixin.util.block_tracking=true' but found 'false'. Setting 'mixin.entity.collisions.fluid=false'.
[17:56:22] [main/INFO]: Option 'mixin.experimental.entity.block_caching.block_support' requires 'mixin.util.block_tracking=true' but found 'false'. Setting 'mixin.experimental.entity.block_caching.block_support=false'.
[17:56:22] [main/INFO]: Option 'mixin.experimental.entity.block_caching.fluid_pushing' requires 'mixin.util.block_tracking=true' but found 'false'. Setting 'mixin.experimental.entity.block_caching.fluid_pushing=false'.
[17:56:22] [main/INFO]: Option 'mixin.experimental.entity.block_caching.block_touching' requires 'mixin.util.block_tracking=true' but found 'false'. Setting 'mixin.experimental.entity.block_caching.block_touching=false'.
[17:56:22] [main/INFO]: Option 'mixin.experimental.entity.block_caching.suffocation' requires 'mixin.util.block_tracking=true' but found 'false'. Setting 'mixin.experimental.entity.block_caching.suffocation=false'.
[17:56:22] [main/INFO]: Option 'mixin.experimental.entity.block_caching' requires 'mixin.util.block_tracking=true' but found 'false'. Setting 'mixin.experimental.entity.block_caching=false'.
[17:56:22] [main/INFO]: Loaded configuration file for Lithium: 149 options available, 0 override(s) found
[17:56:22] [main/INFO]: Loaded configuration file for ModernFix 5.19.3+mc1.21.1: 54 options available, 0 override(s) found
[17:56:22] [main/INFO]: Applying Nashorn fix
[17:56:22] [main/WARN]: Reference map 'OctoLib-COMMON-common-refmap.json' for octolib-common.mixins.json could not be read. If this is a development environment you can ignore this message
[17:56:23] [main/WARN]: Error loading class: net/minecraft/class_287 (java.lang.ClassNotFoundException: net/minecraft/class_287)
[17:56:23] [main/WARN]: @Mixin target net.minecraft.class_287 was not found owo.mixins.json:BufferBuilderAccessor from mod owo
[17:56:23] [main/WARN]: Error loading class: net/minecraft/class_437 (java.lang.ClassNotFoundException: net/minecraft/class_437)
[17:56:23] [main/WARN]: @Mixin target net.minecraft.class_437 was not found owo.mixins.json:ScreenAccessor from mod owo
[17:56:23] [main/WARN]: Error loading class: xyz/nucleoid/server/translations/impl/language/SystemDelegatedLanguage (java.lang.ClassNotFoundException: xyz/nucleoid/server/translations/impl/language/SystemDelegatedLanguage)
[17:56:24] [main/WARN]: Error loading class: net/caffeinemc/mods/sodium/client/render/frapi/render/AbstractBlockRenderContext (java.lang.ClassNotFoundException: net/caffeinemc/mods/sodium/client/render/frapi/render/AbstractBlockRenderContext)
[17:56:24] [main/WARN]: @Mixin target net.caffeinemc.mods.sodium.client.render.frapi.render.AbstractBlockRenderContext was not found mixins.sodiumleafculling.json:AbstractBlockRenderContextAccessor from mod sodiumleafculling
[17:56:24] [main/WARN]: Error loading class: net/caffeinemc/mods/sodium/client/render/chunk/compile/pipeline/BlockOcclusionCache (java.lang.ClassNotFoundException: net/caffeinemc/mods/sodium/client/render/chunk/compile/pipeline/BlockOcclusionCache)
[17:56:24] [main/WARN]: @Mixin target net.caffeinemc.mods.sodium.client.render.chunk.compile.pipeline.BlockOcclusionCache was not found mixins.sodiumleafculling.json:BlockOcclusionCacheMixin from mod sodiumleafculling
[17:56:24] [main/WARN]: Error loading class: net/caffeinemc/mods/sodium/client/render/chunk/compile/pipeline/BlockRenderer (java.lang.ClassNotFoundException: net/caffeinemc/mods/sodium/client/render/chunk/compile/pipeline/BlockRenderer)
[17:56:24] [main/WARN]: @Mixin target net.caffeinemc.mods.sodium.client.render.chunk.compile.pipeline.BlockRenderer was not found mixins.sodiumleafculling.json:BlockRendererMixin from mod sodiumleafculling
[17:56:24] [main/WARN]: Error loading class: net/caffeinemc/mods/sodium/client/gui/SodiumGameOptions$PerformanceSettings (java.lang.ClassNotFoundException: net/caffeinemc/mods/sodium/client/gui/SodiumGameOptions$PerformanceSettings)
[17:56:24] [main/WARN]: @Mixin target net.caffeinemc.mods.sodium.client.gui.SodiumGameOptions$PerformanceSettings was not found mixins.sodiumleafculling.json:PerformanceSettingsMixin from mod sodiumleafculling
[17:56:24] [main/WARN]: Error loading class: net/caffeinemc/mods/sodium/client/gui/SodiumGameOptionPages (java.lang.ClassNotFoundException: net/caffeinemc/mods/sodium/client/gui/SodiumGameOptionPages)
[17:56:24] [main/WARN]: @Mixin target net.caffeinemc.mods.sodium.client.gui.SodiumGameOptionPages was not found mixins.sodiumleafculling.json:SodiumGameOptionPagesMixin from mod sodiumleafculling
[17:56:24] [main/WARN]: Error loading class: net/minecraft/class_314 (java.lang.ClassNotFoundException: net/minecraft/class_314)
[17:56:24] [main/WARN]: @Mixin target net.minecraft.class_314 was not found mixins.mm.json:net.minecraft.class_314 from mod mm
[17:56:24] [main/INFO]: Initializing MixinExtras via com.llamalad7.mixinextras.service.MixinExtrasServiceImpl(version=0.4.1).
[17:56:30] [main/WARN]: Method overwrite conflict for method_21740 in modernfix-common.mixins.json:perf.remove_biome_temperature_cache.BiomeMixin from mod modernfix, previously written by net.caffeinemc.mods.lithium.mixin.world.temperature_cache.BiomeMixin. Skipping method.
[17:56:36] [main/INFO]: Vanilla bootstrap took 11396 milliseconds
[17:56:38] [main/INFO]: Loading Collective version 7.87.
[17:56:38] [main/INFO]: YAaargh!
[17:56:39] [main/INFO]: Loaded config farmersdelight-common.json
[17:56:39] [Cicada thread 0/INFO]: 'how can it be safe when there is no objectinputstream?'
[17:56:41] [main/ERROR]: No data fixer registered for handcrafted
[17:56:41] [main/INFO]: Initializing JamLib on Fabric
[17:56:41] [main/INFO]: Initializing ServerSide Packet Registries
[17:56:41] [main/INFO]: Initializing server networking
[17:56:43] [main/ERROR]: No data fixer registered for minekea:entities/mounts/seat
[17:56:43] [main/INFO]: Initializing Fabric server networking
[17:56:43] [main/INFO]: Registering villager points of interest
[17:56:43] [main/INFO]: Definitely not up to no good
[17:56:43] [main/INFO]: Thank you for using Nemo's Carpentry!
[17:56:43] [main/INFO]: Registering entities
[17:56:43] [main/INFO]: Thank you for using Nemo's Mossy Blocks!
[17:56:43] [main/INFO]: Registering item groups
[17:56:43] [main/INFO]: Hello!
[17:56:43] [main/INFO]: [STDOUT]: registering mod blocks for nicemod
[17:56:43] [main/INFO]: Loading Noisium.
[17:56:43] [main/INFO]: [STDOUT]: All 10 have been set properly
[17:56:43] [main/INFO]: This custom packet isn't supported by Gadget - Add support via DrawPacketHandler.EVENT
[17:56:43] [main/INFO]: Constructing common components for puzzleslib:main
[17:56:43] [main/INFO]: Updated config file at /workspaces/UWU/servidor_minecraft/config/rightclickharvest.json5
[17:56:43] [main/INFO]: Initializing Right Click Harvest on FABRIC
[17:56:44] [main/INFO]: Registered 11 objects in MediumDrawersDoors
[17:56:44] [main/INFO]: Registered 11 objects in MediumDrawersGlassDoors
[17:56:44] [main/INFO]: Registered 11 objects in BigDrawersDoors
[17:56:44] [main/INFO]: Registered 11 objects in SmallDrawersBoxes
[17:56:44] [main/INFO]: Registered 11 objects in MediumDrawerBoxes
[17:56:44] [main/INFO]: Registered 11 objects in BigDrawersBoxes
[17:56:44] [main/INFO]: Registered 34 objects in MedicalDrawersCases
[17:56:44] [main/INFO]: Registered 24 objects in BedsideDrawersCases
[17:56:44] [main/INFO]: Registered 272 objects in KitchenDrawersCases
[17:56:44] [main/INFO]: Registered 34 objects in KitchenCabinetCases
[17:56:44] [main/INFO]: Registered 24 objects in SingleDrawerCases
[17:56:45] [main/INFO]: Registered 0 objects in ModEntities
[17:56:45] [main/INFO]: Registered 5 objects in ModBlockEntities
[17:56:45] [main/INFO]: Registered 5 objects in ModScreenHandlers
[17:56:45] [main/INFO]: Registered 2 objects in ModItemGroups
[17:56:45] [main/INFO]: Foxes make 40 different sounds
[17:56:46] [main/INFO]: [STDOUT]: Team Addoners Initializing
[17:56:46] [main/ERROR]: No data fixer registered for 
[17:56:46] [main/INFO]: Registered the FluidEffect with Unique ID of minecraft:water for Water (Fluid Amount Required: 81000) with the ID 0
[17:56:46] [main/INFO]: Registered the FluidEffect with Unique ID of minecraft:lava for Lava (Fluid Amount Required: 81000) with the ID 1
[17:56:46] [main/INFO]: Registered the FluidEffect with Unique ID of travelersbackpack:potion for block.travelersbackpack.potion_still (Fluid Amount Required: 27000) with the ID 2
[17:56:46] [main/INFO]: Registered the FluidEffect with Unique ID of minecraft:milk for Air (Fluid Amount Required: 81000) with the ID 3
[17:56:46] [main/INFO]: [STDOUT]: TxniLib onInitialize!
[17:56:46] [main/INFO]: [voicechat] Compatibility version 18
[17:56:47] [main/INFO]: [voicechat] Loading plugins
[17:56:47] [main/INFO]: [voicechat] Loaded 0 plugin(s)
[17:56:47] [main/INFO]: [voicechat] Initializing plugins
[17:56:47] [main/INFO]: [voicechat] Initialized 0 plugin(s)
[17:56:47] [main/INFO]: Initializing 'Better Statistics Screen' as 'BetterStatsServer'.
[17:56:47] [main/INFO]: Initializing 'TCD Commons API' 3.12.5+fabric-1.21 as 'TCDCommonsServer'.
[17:56:47] [main/INFO]: Environment: Environment[sessionHost=https://sessionserver.mojang.com, servicesHost=https://api.minecraftservices.com, name=PROD]
[17:56:51] [Worker-Main-1/ERROR]: Couldn't parse element minecraft:loot_table/minekea:grant_book_on_first_join - No component with type: 'patchouli:book'; No component with type: 'patchouli:book' missed input: {"patchouli:book":"minekea:minekea_catalogue"}; Unknown registry key in ResourceKey[minecraft:root / minecraft:item]: patchouli:guide_book
[17:56:53] [main/ERROR]: Parsing error loading recipe dramaticdoors:short_spruce_door_sawmill
com.google.gson.JsonParseException: Unknown registry key in ResourceKey[minecraft:root / minecraft:recipe_serializer]: woodworks:sawmill
	at knot/com.mojang.serialization.DataResult$Error.mdd64243$owo$lambda$addStackTraceToException$0$0(DataResult.java:565) ~[datafixerupper-8.0.16.jar:?]
	at knot/com.mojang.serialization.DataResult$Error.getOrThrow(DataResult.java:287) ~[datafixerupper-8.0.16.jar:?]
	at knot/net.minecraft.class_1863.method_20705(class_1863.java:62) ~[server-intermediary.jar:?]
	at knot/net.minecraft.class_1863.method_18788(class_1863.java:35) ~[server-intermediary.jar:?]
	at knot/net.minecraft.class_4080.method_18790(class_4080.java:13) ~[server-intermediary.jar:?]
	at java.base/java.util.concurrent.CompletableFuture$UniAccept.tryFire(CompletableFuture.java:718) ~[?:?]
	at java.base/java.util.concurrent.CompletableFuture$Completion.run(CompletableFuture.java:482) ~[?:?]
	at knot/net.minecraft.class_4014.method_18365(class_4014.java:69) ~[server-intermediary.jar:?]
	at knot/net.minecraft.class_156.method_43498(class_156.java:1024) [server-intermediary.jar:?]
	at knot/net.minecraft.class_156.method_43499(class_156.java:1012) [server-intermediary.jar:?]
	at knot/net.minecraft.server.Main.main(Main.java:182) [server-intermediary.jar:?]
	at net.fabricmc.loader.impl.game.minecraft.MinecraftGameProvider.launch(MinecraftGameProvider.java:480) [fabric-loader-0.16.14.jar:?]
	at net.fabricmc.loader.impl.launch.knot.Knot.launch(Knot.java:74) [fabric-loader-0.16.14.jar:?]
	at net.fabricmc.loader.impl.launch.knot.KnotServer.main(KnotServer.java:23) [fabric-loader-0.16.14.jar:?]
	at net.fabricmc.loader.impl.launch.server.FabricServerLauncher.main(FabricServerLauncher.java:69) [fabric-loader-0.16.14.jar:?]
	at net.fabricmc.installer.ServerLauncher.main(ServerLauncher.java:69) [fabric-server-launch.jar:1.0.1]
[17:56:53] [main/ERROR]: Parsing error loading recipe dramaticdoors:short_mangrove_door_sawmill
com.google.gson.JsonParseException: Unknown registry key in ResourceKey[minecraft:root / minecraft:recipe_serializer]: woodworks:sawmill
	at knot/com.mojang.serialization.DataResult$Error.mdd64243$owo$lambda$addStackTraceToException$0$0(DataResult.java:565) ~[datafixerupper-8.0.16.jar:?]
	at knot/com.mojang.serialization.DataResult$Error.getOrThrow(DataResult.java:287) ~[datafixerupper-8.0.16.jar:?]
	at knot/net.minecraft.class_1863.method_20705(class_1863.java:62) ~[server-intermediary.jar:?]
	at knot/net.minecraft.class_1863.method_18788(class_1863.java:35) ~[server-intermediary.jar:?]
	at knot/net.minecraft.class_4080.method_18790(class_4080.java:13) ~[server-intermediary.jar:?]
	at java.base/java.util.concurrent.CompletableFuture$UniAccept.tryFire(CompletableFuture.java:718) ~[?:?]
	at java.base/java.util.concurrent.CompletableFuture$Completion.run(CompletableFuture.java:482) ~[?:?]
	at knot/net.minecraft.class_4014.method_18365(class_4014.java:69) ~[server-intermediary.jar:?]
	at knot/net.minecraft.class_156.method_43498(class_156.java:1024) [server-intermediary.jar:?]
	at knot/net.minecraft.class_156.method_43499(class_156.java:1012) [server-intermediary.jar:?]
	at knot/net.minecraft.server.Main.main(Main.java:182) [server-intermediary.jar:?]
	at net.fabricmc.loader.impl.game.minecraft.MinecraftGameProvider.launch(MinecraftGameProvider.java:480) [fabric-loader-0.16.14.jar:?]
	at net.fabricmc.loader.impl.launch.knot.Knot.launch(Knot.java:74) [fabric-loader-0.16.14.jar:?]
	at net.fabricmc.loader.impl.launch.knot.KnotServer.main(KnotServer.java:23) [fabric-loader-0.16.14.jar:?]
	at net.fabricmc.loader.impl.launch.server.FabricServerLauncher.main(FabricServerLauncher.java:69) [fabric-loader-0.16.14.jar:?]
	at net.fabricmc.installer.ServerLauncher.main(ServerLauncher.java:69) [fabric-server-launch.jar:1.0.1]
[17:56:53] [main/ERROR]: Parsing error loading recipe dramaticdoors:short_jungle_door_sawmill
com.google.gson.JsonParseException: Unknown registry key in ResourceKey[minecraft:root / minecraft:recipe_serializer]: woodworks:sawmill
	at knot/com.mojang.serialization.DataResult$Error.mdd64243$owo$lambda$addStackTraceToException$0$0(DataResult.java:565) ~[datafixerupper-8.0.16.jar:?]
	at knot/com.mojang.serialization.DataResult$Error.getOrThrow(DataResult.java:287) ~[datafixerupper-8.0.16.jar:?]
	at knot/net.minecraft.class_1863.method_20705(class_1863.java:62) ~[server-intermediary.jar:?]
	at knot/net.minecraft.class_1863.method_18788(class_1863.java:35) ~[server-intermediary.jar:?]
	at knot/net.minecraft.class_4080.method_18790(class_4080.java:13) ~[server-intermediary.jar:?]
	at java.base/java.util.concurrent.CompletableFuture$UniAccept.tryFire(CompletableFuture.java:718) ~[?:?]
	at java.base/java.util.concurrent.CompletableFuture$Completion.run(CompletableFuture.java:482) ~[?:?]
	at knot/net.minecraft.class_4014.method_18365(class_4014.java:69) ~[server-intermediary.jar:?]
	at knot/net.minecraft.class_156.method_43498(class_156.java:1024) [server-intermediary.jar:?]
	at knot/net.minecraft.class_156.method_43499(class_156.java:1012) [server-intermediary.jar:?]
	at knot/net.minecraft.server.Main.main(Main.java:182) [server-intermediary.jar:?]
	at net.fabricmc.loader.impl.game.minecraft.MinecraftGameProvider.launch(MinecraftGameProvider.java:480) [fabric-loader-0.16.14.jar:?]
	at net.fabricmc.loader.impl.launch.knot.Knot.launch(Knot.java:74) [fabric-loader-0.16.14.jar:?]
	at net.fabricmc.loader.impl.launch.knot.KnotServer.main(KnotServer.java:23) [fabric-loader-0.16.14.jar:?]
	at net.fabricmc.loader.impl.launch.server.FabricServerLauncher.main(FabricServerLauncher.java:69) [fabric-loader-0.16.14.jar:?]
	at net.fabricmc.installer.ServerLauncher.main(ServerLauncher.java:69) [fabric-server-launch.jar:1.0.1]
[17:56:53] [main/ERROR]: Parsing error loading recipe dramaticdoors:short_warped_door_sawmill
com.google.gson.JsonParseException: Unknown registry key in ResourceKey[minecraft:root / minecraft:recipe_serializer]: woodworks:sawmill
	at knot/com.mojang.serialization.DataResult$Error.mdd64243$owo$lambda$addStackTraceToException$0$0(DataResult.java:565) ~[datafixerupper-8.0.16.jar:?]
	at knot/com.mojang.serialization.DataResult$Error.getOrThrow(DataResult.java:287) ~[datafixerupper-8.0.16.jar:?]
	at knot/net.minecraft.class_1863.method_20705(class_1863.java:62) ~[server-intermediary.jar:?]
	at knot/net.minecraft.class_1863.method_18788(class_1863.java:35) ~[server-intermediary.jar:?]
	at knot/net.minecraft.class_4080.method_18790(class_4080.java:13) ~[server-intermediary.jar:?]
	at java.base/java.util.concurrent.CompletableFuture$UniAccept.tryFire(CompletableFuture.java:718) ~[?:?]
	at java.base/java.util.concurrent.CompletableFuture$Completion.run(CompletableFuture.java:482) ~[?:?]
	at knot/net.minecraft.class_4014.method_18365(class_4014.java:69) ~[server-intermediary.jar:?]
	at knot/net.minecraft.class_156.method_43498(class_156.java:1024) [server-intermediary.jar:?]
	at knot/net.minecraft.class_156.method_43499(class_156.java:1012) [server-intermediary.jar:?]
	at knot/net.minecraft.server.Main.main(Main.java:182) [server-intermediary.jar:?]
	at net.fabricmc.loader.impl.game.minecraft.MinecraftGameProvider.launch(MinecraftGameProvider.java:480) [fabric-loader-0.16.14.jar:?]
	at net.fabricmc.loader.impl.launch.knot.Knot.launch(Knot.java:74) [fabric-loader-0.16.14.jar:?]
	at net.fabricmc.loader.impl.launch.knot.KnotServer.main(KnotServer.java:23) [fabric-loader-0.16.14.jar:?]
	at net.fabricmc.loader.impl.launch.server.FabricServerLauncher.main(FabricServerLauncher.java:69) [fabric-loader-0.16.14.jar:?]
	at net.fabricmc.installer.ServerLauncher.main(ServerLauncher.java:69) [fabric-server-launch.jar:1.0.1]
[17:56:54] [main/ERROR]: Parsing error loading recipe dramaticdoors:short_cherry_door_sawmill
com.google.gson.JsonParseException: Unknown registry key in ResourceKey[minecraft:root / minecraft:recipe_serializer]: woodworks:sawmill
	at knot/com.mojang.serialization.DataResult$Error.mdd64243$owo$lambda$addStackTraceToException$0$0(DataResult.java:565) ~[datafixerupper-8.0.16.jar:?]
	at knot/com.mojang.serialization.DataResult$Error.getOrThrow(DataResult.java:287) ~[datafixerupper-8.0.16.jar:?]
	at knot/net.minecraft.class_1863.method_20705(class_1863.java:62) ~[server-intermediary.jar:?]
	at knot/net.minecraft.class_1863.method_18788(class_1863.java:35) ~[server-intermediary.jar:?]
	at knot/net.minecraft.class_4080.method_18790(class_4080.java:13) ~[server-intermediary.jar:?]
	at java.base/java.util.concurrent.CompletableFuture$UniAccept.tryFire(CompletableFuture.java:718) ~[?:?]
	at java.base/java.util.concurrent.CompletableFuture$Completion.run(CompletableFuture.java:482) ~[?:?]
	at knot/net.minecraft.class_4014.method_18365(class_4014.java:69) ~[server-intermediary.jar:?]
	at knot/net.minecraft.class_156.method_43498(class_156.java:1024) [server-intermediary.jar:?]
	at knot/net.minecraft.class_156.method_43499(class_156.java:1012) [server-intermediary.jar:?]
	at knot/net.minecraft.server.Main.main(Main.java:182) [server-intermediary.jar:?]
	at net.fabricmc.loader.impl.game.minecraft.MinecraftGameProvider.launch(MinecraftGameProvider.java:480) [fabric-loader-0.16.14.jar:?]
	at net.fabricmc.loader.impl.launch.knot.Knot.launch(Knot.java:74) [fabric-loader-0.16.14.jar:?]
	at net.fabricmc.loader.impl.launch.knot.KnotServer.main(KnotServer.java:23) [fabric-loader-0.16.14.jar:?]
	at net.fabricmc.loader.impl.launch.server.FabricServerLauncher.main(FabricServerLauncher.java:69) [fabric-loader-0.16.14.jar:?]
	at net.fabricmc.installer.ServerLauncher.main(ServerLauncher.java:69) [fabric-server-launch.jar:1.0.1]
[17:56:54] [main/ERROR]: Parsing error loading recipe minekea:minekea_catalogue
com.google.gson.JsonParseException: No component with type: 'patchouli:book'; No component with type: 'patchouli:book' missed input: {"patchouli:book":"minekea:minekea_catalogue"}; Unknown registry key in ResourceKey[minecraft:root / minecraft:item]: patchouli:guide_book
	at knot/com.mojang.serialization.DataResult$Error.mdd64243$owo$lambda$addStackTraceToException$0$0(DataResult.java:565) ~[datafixerupper-8.0.16.jar:?]
	at knot/com.mojang.serialization.DataResult$Error.getOrThrow(DataResult.java:287) ~[datafixerupper-8.0.16.jar:?]
	at knot/net.minecraft.class_1863.method_20705(class_1863.java:62) ~[server-intermediary.jar:?]
	at knot/net.minecraft.class_1863.method_18788(class_1863.java:35) ~[server-intermediary.jar:?]
	at knot/net.minecraft.class_4080.method_18790(class_4080.java:13) ~[server-intermediary.jar:?]
	at java.base/java.util.concurrent.CompletableFuture$UniAccept.tryFire(CompletableFuture.java:718) ~[?:?]
	at java.base/java.util.concurrent.CompletableFuture$Completion.run(CompletableFuture.java:482) ~[?:?]
	at knot/net.minecraft.class_4014.method_18365(class_4014.java:69) ~[server-intermediary.jar:?]
	at knot/net.minecraft.class_156.method_43498(class_156.java:1024) [server-intermediary.jar:?]
	at knot/net.minecraft.class_156.method_43499(class_156.java:1012) [server-intermediary.jar:?]
	at knot/net.minecraft.server.Main.main(Main.java:182) [server-intermediary.jar:?]
	at net.fabricmc.loader.impl.game.minecraft.MinecraftGameProvider.launch(MinecraftGameProvider.java:480) [fabric-loader-0.16.14.jar:?]
	at net.fabricmc.loader.impl.launch.knot.Knot.launch(Knot.java:74) [fabric-loader-0.16.14.jar:?]
	at net.fabricmc.loader.impl.launch.knot.KnotServer.main(KnotServer.java:23) [fabric-loader-0.16.14.jar:?]
	at net.fabricmc.loader.impl.launch.server.FabricServerLauncher.main(FabricServerLauncher.java:69) [fabric-loader-0.16.14.jar:?]
	at net.fabricmc.installer.ServerLauncher.main(ServerLauncher.java:69) [fabric-server-launch.jar:1.0.1]
[17:56:54] [main/ERROR]: Parsing error loading recipe dramaticdoors:short_bamboo_door_sawmill
com.google.gson.JsonParseException: Unknown registry key in ResourceKey[minecraft:root / minecraft:recipe_serializer]: woodworks:sawmill
	at knot/com.mojang.serialization.DataResult$Error.mdd64243$owo$lambda$addStackTraceToException$0$0(DataResult.java:565) ~[datafixerupper-8.0.16.jar:?]
	at knot/com.mojang.serialization.DataResult$Error.getOrThrow(DataResult.java:287) ~[datafixerupper-8.0.16.jar:?]
	at knot/net.minecraft.class_1863.method_20705(class_1863.java:62) ~[server-intermediary.jar:?]
	at knot/net.minecraft.class_1863.method_18788(class_1863.java:35) ~[server-intermediary.jar:?]
	at knot/net.minecraft.class_4080.method_18790(class_4080.java:13) ~[server-intermediary.jar:?]
	at java.base/java.util.concurrent.CompletableFuture$UniAccept.tryFire(CompletableFuture.java:718) ~[?:?]
	at java.base/java.util.concurrent.CompletableFuture$Completion.run(CompletableFuture.java:482) ~[?:?]
	at knot/net.minecraft.class_4014.method_18365(class_4014.java:69) ~[server-intermediary.jar:?]
	at knot/net.minecraft.class_156.method_43498(class_156.java:1024) [server-intermediary.jar:?]
	at knot/net.minecraft.class_156.method_43499(class_156.java:1012) [server-intermediary.jar:?]
	at knot/net.minecraft.server.Main.main(Main.java:182) [server-intermediary.jar:?]
	at net.fabricmc.loader.impl.game.minecraft.MinecraftGameProvider.launch(MinecraftGameProvider.java:480) [fabric-loader-0.16.14.jar:?]
	at net.fabricmc.loader.impl.launch.knot.Knot.launch(Knot.java:74) [fabric-loader-0.16.14.jar:?]
	at net.fabricmc.loader.impl.launch.knot.KnotServer.main(KnotServer.java:23) [fabric-loader-0.16.14.jar:?]
	at net.fabricmc.loader.impl.launch.server.FabricServerLauncher.main(FabricServerLauncher.java:69) [fabric-loader-0.16.14.jar:?]
	at net.fabricmc.installer.ServerLauncher.main(ServerLauncher.java:69) [fabric-server-launch.jar:1.0.1]
[17:56:54] [main/ERROR]: Parsing error loading recipe dramaticdoors:short_birch_door_sawmill
com.google.gson.JsonParseException: Unknown registry key in ResourceKey[minecraft:root / minecraft:recipe_serializer]: woodworks:sawmill
	at knot/com.mojang.serialization.DataResult$Error.mdd64243$owo$lambda$addStackTraceToException$0$0(DataResult.java:565) ~[datafixerupper-8.0.16.jar:?]
	at knot/com.mojang.serialization.DataResult$Error.getOrThrow(DataResult.java:287) ~[datafixerupper-8.0.16.jar:?]
	at knot/net.minecraft.class_1863.method_20705(class_1863.java:62) ~[server-intermediary.jar:?]
	at knot/net.minecraft.class_1863.method_18788(class_1863.java:35) ~[server-intermediary.jar:?]
	at knot/net.minecraft.class_4080.method_18790(class_4080.java:13) ~[server-intermediary.jar:?]
	at java.base/java.util.concurrent.CompletableFuture$UniAccept.tryFire(CompletableFuture.java:718) ~[?:?]
	at java.base/java.util.concurrent.CompletableFuture$Completion.run(CompletableFuture.java:482) ~[?:?]
	at knot/net.minecraft.class_4014.method_18365(class_4014.java:69) ~[server-intermediary.jar:?]
	at knot/net.minecraft.class_156.method_43498(class_156.java:1024) [server-intermediary.jar:?]
	at knot/net.minecraft.class_156.method_43499(class_156.java:1012) [server-intermediary.jar:?]
	at knot/net.minecraft.server.Main.main(Main.java:182) [server-intermediary.jar:?]
	at net.fabricmc.loader.impl.game.minecraft.MinecraftGameProvider.launch(MinecraftGameProvider.java:480) [fabric-loader-0.16.14.jar:?]
	at net.fabricmc.loader.impl.launch.knot.Knot.launch(Knot.java:74) [fabric-loader-0.16.14.jar:?]
	at net.fabricmc.loader.impl.launch.knot.KnotServer.main(KnotServer.java:23) [fabric-loader-0.16.14.jar:?]
	at net.fabricmc.loader.impl.launch.server.FabricServerLauncher.main(FabricServerLauncher.java:69) [fabric-loader-0.16.14.jar:?]
	at net.fabricmc.installer.ServerLauncher.main(ServerLauncher.java:69) [fabric-server-launch.jar:1.0.1]
[17:56:54] [main/ERROR]: Parsing error loading recipe dramaticdoors:short_acacia_door_sawmill
com.google.gson.JsonParseException: Unknown registry key in ResourceKey[minecraft:root / minecraft:recipe_serializer]: woodworks:sawmill
	at knot/com.mojang.serialization.DataResult$Error.mdd64243$owo$lambda$addStackTraceToException$0$0(DataResult.java:565) ~[datafixerupper-8.0.16.jar:?]
	at knot/com.mojang.serialization.DataResult$Error.getOrThrow(DataResult.java:287) ~[datafixerupper-8.0.16.jar:?]
	at knot/net.minecraft.class_1863.method_20705(class_1863.java:62) ~[server-intermediary.jar:?]
	at knot/net.minecraft.class_1863.method_18788(class_1863.java:35) ~[server-intermediary.jar:?]
	at knot/net.minecraft.class_4080.method_18790(class_4080.java:13) ~[server-intermediary.jar:?]
	at java.base/java.util.concurrent.CompletableFuture$UniAccept.tryFire(CompletableFuture.java:718) ~[?:?]
	at java.base/java.util.concurrent.CompletableFuture$Completion.run(CompletableFuture.java:482) ~[?:?]
	at knot/net.minecraft.class_4014.method_18365(class_4014.java:69) ~[server-intermediary.jar:?]
	at knot/net.minecraft.class_156.method_43498(class_156.java:1024) [server-intermediary.jar:?]
	at knot/net.minecraft.class_156.method_43499(class_156.java:1012) [server-intermediary.jar:?]
	at knot/net.minecraft.server.Main.main(Main.java:182) [server-intermediary.jar:?]
	at net.fabricmc.loader.impl.game.minecraft.MinecraftGameProvider.launch(MinecraftGameProvider.java:480) [fabric-loader-0.16.14.jar:?]
	at net.fabricmc.loader.impl.launch.knot.Knot.launch(Knot.java:74) [fabric-loader-0.16.14.jar:?]
	at net.fabricmc.loader.impl.launch.knot.KnotServer.main(KnotServer.java:23) [fabric-loader-0.16.14.jar:?]
	at net.fabricmc.loader.impl.launch.server.FabricServerLauncher.main(FabricServerLauncher.java:69) [fabric-loader-0.16.14.jar:?]
	at net.fabricmc.installer.ServerLauncher.main(ServerLauncher.java:69) [fabric-server-launch.jar:1.0.1]
[17:56:54] [main/ERROR]: Parsing error loading recipe dramaticdoors:short_oak_door_sawmill
com.google.gson.JsonParseException: Unknown registry key in ResourceKey[minecraft:root / minecraft:recipe_serializer]: woodworks:sawmill
	at knot/com.mojang.serialization.DataResult$Error.mdd64243$owo$lambda$addStackTraceToException$0$0(DataResult.java:565) ~[datafixerupper-8.0.16.jar:?]
	at knot/com.mojang.serialization.DataResult$Error.getOrThrow(DataResult.java:287) ~[datafixerupper-8.0.16.jar:?]
	at knot/net.minecraft.class_1863.method_20705(class_1863.java:62) ~[server-intermediary.jar:?]
	at knot/net.minecraft.class_1863.method_18788(class_1863.java:35) ~[server-intermediary.jar:?]
	at knot/net.minecraft.class_4080.method_18790(class_4080.java:13) ~[server-intermediary.jar:?]
	at java.base/java.util.concurrent.CompletableFuture$UniAccept.tryFire(CompletableFuture.java:718) ~[?:?]
	at java.base/java.util.concurrent.CompletableFuture$Completion.run(CompletableFuture.java:482) ~[?:?]
	at knot/net.minecraft.class_4014.method_18365(class_4014.java:69) ~[server-intermediary.jar:?]
	at knot/net.minecraft.class_156.method_43498(class_156.java:1024) [server-intermediary.jar:?]
	at knot/net.minecraft.class_156.method_43499(class_156.java:1012) [server-intermediary.jar:?]
	at knot/net.minecraft.server.Main.main(Main.java:182) [server-intermediary.jar:?]
	at net.fabricmc.loader.impl.game.minecraft.MinecraftGameProvider.launch(MinecraftGameProvider.java:480) [fabric-loader-0.16.14.jar:?]
	at net.fabricmc.loader.impl.launch.knot.Knot.launch(Knot.java:74) [fabric-loader-0.16.14.jar:?]
	at net.fabricmc.loader.impl.launch.knot.KnotServer.main(KnotServer.java:23) [fabric-loader-0.16.14.jar:?]
	at net.fabricmc.loader.impl.launch.server.FabricServerLauncher.main(FabricServerLauncher.java:69) [fabric-loader-0.16.14.jar:?]
	at net.fabricmc.installer.ServerLauncher.main(ServerLauncher.java:69) [fabric-server-launch.jar:1.0.1]
[17:56:54] [main/ERROR]: Parsing error loading recipe dramaticdoors:short_crimson_door_sawmill
com.google.gson.JsonParseException: Unknown registry key in ResourceKey[minecraft:root / minecraft:recipe_serializer]: woodworks:sawmill
	at knot/com.mojang.serialization.DataResult$Error.mdd64243$owo$lambda$addStackTraceToException$0$0(DataResult.java:565) ~[datafixerupper-8.0.16.jar:?]
	at knot/com.mojang.serialization.DataResult$Error.getOrThrow(DataResult.java:287) ~[datafixerupper-8.0.16.jar:?]
	at knot/net.minecraft.class_1863.method_20705(class_1863.java:62) ~[server-intermediary.jar:?]
	at knot/net.minecraft.class_1863.method_18788(class_1863.java:35) ~[server-intermediary.jar:?]
	at knot/net.minecraft.class_4080.method_18790(class_4080.java:13) ~[server-intermediary.jar:?]
	at java.base/java.util.concurrent.CompletableFuture$UniAccept.tryFire(CompletableFuture.java:718) ~[?:?]
	at java.base/java.util.concurrent.CompletableFuture$Completion.run(CompletableFuture.java:482) ~[?:?]
	at knot/net.minecraft.class_4014.method_18365(class_4014.java:69) ~[server-intermediary.jar:?]
	at knot/net.minecraft.class_156.method_43498(class_156.java:1024) [server-intermediary.jar:?]
	at knot/net.minecraft.class_156.method_43499(class_156.java:1012) [server-intermediary.jar:?]
	at knot/net.minecraft.server.Main.main(Main.java:182) [server-intermediary.jar:?]
	at net.fabricmc.loader.impl.game.minecraft.MinecraftGameProvider.launch(MinecraftGameProvider.java:480) [fabric-loader-0.16.14.jar:?]
	at net.fabricmc.loader.impl.launch.knot.Knot.launch(Knot.java:74) [fabric-loader-0.16.14.jar:?]
	at net.fabricmc.loader.impl.launch.knot.KnotServer.main(KnotServer.java:23) [fabric-loader-0.16.14.jar:?]
	at net.fabricmc.loader.impl.launch.server.FabricServerLauncher.main(FabricServerLauncher.java:69) [fabric-loader-0.16.14.jar:?]
	at net.fabricmc.installer.ServerLauncher.main(ServerLauncher.java:69) [fabric-server-launch.jar:1.0.1]
[17:56:54] [main/ERROR]: Parsing error loading recipe dramaticdoors:short_dark_oak_door_sawmill
com.google.gson.JsonParseException: Unknown registry key in ResourceKey[minecraft:root / minecraft:recipe_serializer]: woodworks:sawmill
	at knot/com.mojang.serialization.DataResult$Error.mdd64243$owo$lambda$addStackTraceToException$0$0(DataResult.java:565) ~[datafixerupper-8.0.16.jar:?]
	at knot/com.mojang.serialization.DataResult$Error.getOrThrow(DataResult.java:287) ~[datafixerupper-8.0.16.jar:?]
	at knot/net.minecraft.class_1863.method_20705(class_1863.java:62) ~[server-intermediary.jar:?]
	at knot/net.minecraft.class_1863.method_18788(class_1863.java:35) ~[server-intermediary.jar:?]
	at knot/net.minecraft.class_4080.method_18790(class_4080.java:13) ~[server-intermediary.jar:?]
	at java.base/java.util.concurrent.CompletableFuture$UniAccept.tryFire(CompletableFuture.java:718) ~[?:?]
	at java.base/java.util.concurrent.CompletableFuture$Completion.run(CompletableFuture.java:482) ~[?:?]
	at knot/net.minecraft.class_4014.method_18365(class_4014.java:69) ~[server-intermediary.jar:?]
	at knot/net.minecraft.class_156.method_43498(class_156.java:1024) [server-intermediary.jar:?]
	at knot/net.minecraft.class_156.method_43499(class_156.java:1012) [server-intermediary.jar:?]
	at knot/net.minecraft.server.Main.main(Main.java:182) [server-intermediary.jar:?]
	at net.fabricmc.loader.impl.game.minecraft.MinecraftGameProvider.launch(MinecraftGameProvider.java:480) [fabric-loader-0.16.14.jar:?]
	at net.fabricmc.loader.impl.launch.knot.Knot.launch(Knot.java:74) [fabric-loader-0.16.14.jar:?]
	at net.fabricmc.loader.impl.launch.knot.KnotServer.main(KnotServer.java:23) [fabric-loader-0.16.14.jar:?]
	at net.fabricmc.loader.impl.launch.server.FabricServerLauncher.main(FabricServerLauncher.java:69) [fabric-loader-0.16.14.jar:?]
	at net.fabricmc.installer.ServerLauncher.main(ServerLauncher.java:69) [fabric-server-launch.jar:1.0.1]
[17:56:54] [main/INFO]: Loaded 15396 recipes
[17:56:54] [main/ERROR]: Parsing error loading custom advancement dungeons_arise:find_thornborn_towers: No key id in MapLike[{"item":"minecraft:rose_bush"}]
[17:56:54] [main/ERROR]: Parsing error loading custom advancement dungeons_arise:find_infested_temple_map: No key id in MapLike[{"item":"minecraft:filled_map"}]
[17:56:54] [main/ERROR]: Parsing error loading custom advancement dungeons_arise:find_illager_corsair_or_illager_galley: No key id in MapLike[{"item":"minecraft:tropical_fish"}]
[17:56:54] [main/ERROR]: Parsing error loading custom advancement dungeons_arise:find_keep_kayra: No key id in MapLike[{"item":"minecraft:lily_pad"}]
[17:56:55] [main/ERROR]: Parsing error loading custom advancement dungeons_arise:find_greenwood_pub: No key id in MapLike[{"item":"minecraft:barrel"}]
[17:56:55] [main/ERROR]: Couldn't load advancements: [dungeons_arise:find_plague_asylum, minecraft:wander_add_map, dungeons_arise:find_fishing_hut, minecraft:give_quest_trader_trade]
[17:56:55] [main/INFO]: Loaded 13373 advancements
[17:56:55] [main/INFO]: Applied 76 biome modifications to 40 of 64 new biomes in 15.68 ms
[17:56:55] [Server thread/INFO]: Starting minecraft server version 1.21.1
[17:56:55] [Server thread/INFO]: Loading properties
[17:56:55] [Server thread/INFO]: Default game type: SURVIVAL
[17:56:55] [Server thread/INFO]: Generating keypair
[17:56:56] [Server thread/INFO]: Starting Minecraft server on *:25565
[17:56:56] [Server thread/INFO]: Using epoll channel type
[17:56:56] [Server thread/WARN]: **** SERVER IS RUNNING IN OFFLINE/INSECURE MODE!
[17:56:56] [Server thread/WARN]: The server will make no attempt to authenticate usernames. Beware.
[17:56:56] [Server thread/WARN]: While this makes the game possible to play without internet access, it also opens up the ability for hackers to connect with any username they choose.
[17:56:56] [Server thread/WARN]: To change this, set "online-mode" to "true" in the server.properties file.
[17:56:56] [Server thread/INFO]: Preparing level "world"
[17:56:57] [Server thread/INFO]: Preparing start region for dimension minecraft:overworld
[17:56:57] [Server thread/WARN]: Method overwrite conflict for removeIf in modernfix-common.mixins.json:bugfix.paper_chunk_patches.SortedArraySetMixin from mod modernfix, previously written by net.caffeinemc.mods.lithium.mixin.collections.chunk_tickets.SortedArraySetMixin. Skipping method.
[17:56:58] [Worker-Main-1/INFO]: Preparing spawn area: 0%
[17:56:58] [Worker-Main-1/INFO]: Preparing spawn area: 0%
[17:56:58] [Server thread/INFO]: Time elapsed: 1004 ms
[17:56:58] [Server thread/INFO]: Done (1.901s)! For help, type "help"
[17:56:58] [Server thread/WARN]: Dedicated server took 40.239 seconds to load
[17:56:58] [Server thread/INFO]: Start loading plugin from Jade: snownee.jade.addon.core.CorePlugin
[17:56:59] [Server thread/INFO]: Start loading plugin from Jade: snownee.jade.addon.vanilla.VanillaPlugin
[17:56:59] [Server thread/INFO]: Start loading plugin from Jade: snownee.jade.addon.universal.UniversalPlugin
[17:56:59] [Server thread/INFO]: Start loading plugin from Jade: snownee.jade.addon.access.AccessibilityPlugin
[17:56:59] [Server thread/INFO]: Start loading plugin from Jade: snownee.jade.addon.debug.DebugPlugin
[17:56:59] [Server thread/INFO]: Loaded null for service interface journeymap.api.services.WebMapService
[17:56:59] [Server thread/INFO]: Loaded journeymap.common.helpers.FabricClientHooks@43b4cf5d for service interface journeymap.api.services.ClientPlatformService
[17:56:59] [Server thread/INFO]: Loaded journeymap.common.helpers.FabricHooks@1d40fe8e for service interface journeymap.api.services.CommonPlatformService
[17:56:59] [Server thread/WARN]: [voicechat] Running in offline mode - Voice chat encryption is not secure!
[17:56:59] [VoiceChatServerThread/INFO]: [voicechat] Voice chat server started at port 24454
[17:57:28] [Thread-14/WARN]: Failed to fetch skin: not found
[17:57:51] [Server thread/INFO]: [STDOUT]: Lithium Cached BlockState Flags are disabled!
[17:57:51] [Server thread/INFO]: xvoots[/127.227.153.241:41729] logged in with entity id 3 at (71.87842179745002, 63.0, 292.8022722116236)
[17:57:51] [Server thread/INFO]: Loading config from file...
[17:57:51] [Server thread/INFO]: [voicechat] Using Fabric Permissions API
[17:57:51] [Server thread/INFO]: xvoots joined the game
[17:57:52] [Server thread/INFO]: [voicechat] Received secret request of xvoots (18)
[17:57:52] [Server thread/INFO]: [voicechat] Sent secret to xvoots
[17:58:21] [Server thread/INFO]: xvoots lost connection: Timed out
[17:58:21] [Server thread/INFO]: xvoots left the game
[17:58:21] [Server thread/INFO]: [voicechat] Disconnecting client xvoots
[17:58:21] [Server thread/WARN]: handleDisconnection() called twice
[17:58:41] [Thread-17/WARN]: Failed to fetch skin: not found
[17:58:51] [Server thread/INFO]: xvoots[/127.96.171.213:47871] logged in with entity id 225 at (71.87842179745002, 63.0, 292.8022722116236)
[17:58:51] [Server thread/INFO]: Loading config from file...
[17:58:51] [Server thread/INFO]: xvoots joined the game
[17:58:51] [Server thread/INFO]: [voicechat] Received secret request of xvoots (18)
[17:58:51] [Server thread/INFO]: [voicechat] Sent secret to xvoots
